<?xml version="1.0" encoding="UTF-8"?>
<!-- Generated by org.testng.reporters.JUnitXMLReporter -->
<testsuite ignored="0" hostname="Himanshu" failures="0" tests="6" name="Test" time="42.693" errors="0" timestamp="2023-02-15T00:30:59 IST">
  <testcase classname="kubernetes1" name="chrome1" time="17.392"/>
  <testcase classname="kubernetes2" name="chrome1" time="24.892"/>
  <testcase classname="kubernetes" name="chrome1" time="30.151"/>
  <testcase classname="kubernetes1" name="chrome2" time="15.497"/>
  <testcase classname="kubernetes2" name="chrome2" time="13.711"/>
  <testcase classname="kubernetes" name="chrome2" time="12.478"/>
</testsuite> <!-- Test -->
