<?xml version="1.0" encoding="UTF-8"?>
<testng-results ignored="0" total="6" passed="6" failed="0" skipped="0">
  <reporter-output>
  </reporter-output>
  <suite started-at="2023-02-15T00:30:16 IST" name="Suite" finished-at="2023-02-15T00:30:59 IST" duration-ms="42693">
    <groups>
    </groups>
    <test started-at="2023-02-15T00:30:16 IST" name="Test" finished-at="2023-02-15T00:30:59 IST" duration-ms="42693">
      <class name="kubernetes">
        <test-method signature="chrome1()[pri:1, instance:kubernetes@8f4ea7c]" started-at="2023-02-15T00:30:16 IST" name="chrome1" finished-at="2023-02-15T00:30:46 IST" duration-ms="30151" status="PASS">
          <reporter-output>
          </reporter-output>
        </test-method> <!-- chrome1 -->
        <test-method signature="chrome2()[pri:2, instance:kubernetes@8f4ea7c]" started-at="2023-02-15T00:30:46 IST" name="chrome2" finished-at="2023-02-15T00:30:59 IST" duration-ms="12478" status="PASS">
          <reporter-output>
          </reporter-output>
        </test-method> <!-- chrome2 -->
      </class> <!-- kubernetes -->
      <class name="kubernetes1">
        <test-method signature="chrome1()[pri:1, instance:kubernetes1@7f0eb4b4]" started-at="2023-02-15T00:30:16 IST" name="chrome1" finished-at="2023-02-15T00:30:34 IST" duration-ms="17392" status="PASS">
          <reporter-output>
          </reporter-output>
        </test-method> <!-- chrome1 -->
        <test-method signature="chrome2()[pri:2, instance:kubernetes1@7f0eb4b4]" started-at="2023-02-15T00:30:34 IST" name="chrome2" finished-at="2023-02-15T00:30:49 IST" duration-ms="15497" status="PASS">
          <reporter-output>
          </reporter-output>
        </test-method> <!-- chrome2 -->
      </class> <!-- kubernetes1 -->
      <class name="kubernetes2">
        <test-method signature="chrome1()[pri:1, instance:kubernetes2@5c33f1a9]" started-at="2023-02-15T00:30:16 IST" name="chrome1" finished-at="2023-02-15T00:30:41 IST" duration-ms="24892" status="PASS">
          <reporter-output>
          </reporter-output>
        </test-method> <!-- chrome1 -->
        <test-method signature="chrome2()[pri:2, instance:kubernetes2@5c33f1a9]" started-at="2023-02-15T00:30:41 IST" name="chrome2" finished-at="2023-02-15T00:30:55 IST" duration-ms="13711" status="PASS">
          <reporter-output>
          </reporter-output>
        </test-method> <!-- chrome2 -->
      </class> <!-- kubernetes2 -->
    </test> <!-- Test -->
  </suite> <!-- Suite -->
</testng-results>
